Layer 0:

{}


Layer 1:

{'z1wteLblorw': ['lpFXlkjAurc', 'The Legend of Zelda: Tears of the Kingdom - Funny Moments, Glitches, Tricks | 2023'], 'iHs-nHQQtG4': ['lpFXlkjAurc', 'Top 5 Underwhelming Zelda Bosses']}


Layer 2:

{'xR_B3xoLIFk': ['z1wteLblorw', 'Tears Of The Kingdom | PRO BUILDING TIPS + Important Missable Ability!'], 'gVyHabNOQKo': ['z1wteLblorw', '10 Subtle Differences between Zelda: Tears of the Kingdom and BOTW'], 'PeKgw4PT95A': ['iHs-nHQQtG4', 'Ranking Skyward Sword HD’s Bosses (Legend of Zelda)'], 'r81nPTnCYtE': ['iHs-nHQQtG4', 'Top 5 Hardest Zelda Final Bosses']}


Layer 3:

{'y4MHMQjGtgM': ['xR_B3xoLIFk', 'How to Get More Batteries for Zonai Devices in Tears of the Kingdom'], 'R9onugJcq7s': ['xR_B3xoLIFk', 'Tears Of The Kingdom | Get Link “OVERPOWERED” At The Very Beginning'], 'Rq7Om2tXDoQ': ['gVyHabNOQKo', '10 Tears of the Kingdom Tips from a Speedrunner (No Spoilers)'], 'WNGlk0UJZCM': ['gVyHabNOQKo', 'Zelda TotK Vehicles & Builds That Will BLOW YOUR MIND 🤯'], 'CO7JLY2YQUU': ['PeKgw4PT95A', 'Zelda: Skyward Sword HD - Story Explained'], 'sW99Bjv9piU': ['r81nPTnCYtE', 'Ranking EVERY 3D Zelda Dungeon'], 'Ia0mBZaVoSg': ['r81nPTnCYtE', 'Which Ganondorf is strongest? (Ranking the Ganons from Legend of Zelda)']}


Layer 0:

{}


Layer 1:

{'X9oSdf_7XsM': ['vV-LIOSAWzY', 'Another Failure of a Review...'], '1SMLQiwt9n4': ['vV-LIOSAWzY', "Wendy's NEW Ghost Pepper Ranch Chicken Sandwich Review!"]}


Layer 2:

{'vV-LIOSAWzY': ['1SMLQiwt9n4', "Burger King's NEW Spider-Verse Whopper Review!"], '1SMLQiwt9n4': ['X9oSdf_7XsM', "Wendy's NEW Ghost Pepper Ranch Chicken Sandwich Review!"], 'X9oSdf_7XsM': ['1SMLQiwt9n4', 'Another Failure of a Review...']}


Layer 3:

{'X9oSdf_7XsM': ['1SMLQiwt9n4', 'Another Failure of a Review...'], '1SMLQiwt9n4': ['X9oSdf_7XsM', "Wendy's NEW Ghost Pepper Ranch Chicken Sandwich Review!"], 'vV-LIOSAWzY': ['X9oSdf_7XsM', "Burger King's NEW Spider-Verse Whopper Review!"]}


Layer 0:

{}


Layer 1:

{'Lti_zl3MnT4': ['cr1KaZ11KCo', "I Made the World's Most Powerful Hammer!"], 'EOy0f_fGKAg': ['cr1KaZ11KCo', 'I Tested Your Most Dangerous Video Ideas!']}


Layer 2:

{'QwrZuUiSXEI': ['EOy0f_fGKAg', "World's Largest Beyblade - Powered By A Chainsaw!"], '7qKdrfFWs4g': ['Lti_zl3MnT4', 'Turning trash into something less useful'], 'Ag-909TI-XY': ['EOy0f_fGKAg', 'I made your worst video ideas']}


Layer 3:

{'qCNFHu76H0U': ['QwrZuUiSXEI', 'I Made A Terrifying Robot Lawn Mower'], 'Lti_zl3MnT4': ['QwrZuUiSXEI', "I Made the World's Most Powerful Hammer!"], 'Z5EiqzfiCS8': ['7qKdrfFWs4g', 'Getting Stray Cats High To Stop Them Eating My Pets'], 'QwrZuUiSXEI': ['Ag-909TI-XY', "World's Largest Beyblade - Powered By A Chainsaw!"], '7qKdrfFWs4g': ['Ag-909TI-XY', 'Turning trash into something less useful']}


Layer 0:

{}


Layer 1:

{'EOy0f_fGKAg': ['cr1KaZ11KCo', 'I Tested Your Most Dangerous Video Ideas!'], 'o8sj7uxLg88': ['cr1KaZ11KCo', 'I made an illegal home security sytem']}


Layer 2:

{'Ag-909TI-XY': ['EOy0f_fGKAg', 'I made your worst video ideas'], 'QwrZuUiSXEI': ['EOy0f_fGKAg', "World's Largest Beyblade - Powered By A Chainsaw!"], '969XGZ_t7cE': ['o8sj7uxLg88', 'Drone Darts are Silent and Deadly!'], '7qKdrfFWs4g': ['o8sj7uxLg88', 'Turning trash into something less useful']}


Layer 3:

{'QwrZuUiSXEI': ['Ag-909TI-XY', "World's Largest Beyblade - Powered By A Chainsaw!"], 'Z5EiqzfiCS8': ['7qKdrfFWs4g', 'Getting Stray Cats High To Stop Them Eating My Pets'], 'qCNFHu76H0U': ['969XGZ_t7cE', 'I Made A Terrifying Robot Lawn Mower'], 'Lti_zl3MnT4': ['969XGZ_t7cE', "I Made the World's Most Powerful Hammer!"]}


Layer 0:

{}


Layer 1:

{'o8sj7uxLg88': ['cr1KaZ11KCo', 'I made an illegal home security sytem'], '969XGZ_t7cE': ['cr1KaZ11KCo', 'Drone Darts are Silent and Deadly!']}


Layer 2:

{'969XGZ_t7cE': ['o8sj7uxLg88', 'Drone Darts are Silent and Deadly!'], '7qKdrfFWs4g': ['o8sj7uxLg88', 'Turning trash into something less useful'], 'qCNFHu76H0U': ['969XGZ_t7cE', 'I Made A Terrifying Robot Lawn Mower'], 'Lti_zl3MnT4': ['969XGZ_t7cE', "I Made the World's Most Powerful Hammer!"]}


Layer 3:

{'qCNFHu76H0U': ['969XGZ_t7cE', 'I Made A Terrifying Robot Lawn Mower'], 'Lti_zl3MnT4': ['969XGZ_t7cE', "I Made the World's Most Powerful Hammer!"], 'Z5EiqzfiCS8': ['qCNFHu76H0U', 'Getting Stray Cats High To Stop Them Eating My Pets'], 'QwrZuUiSXEI': ['Lti_zl3MnT4', "World's Largest Beyblade - Powered By A Chainsaw!"], '7qKdrfFWs4g': ['Lti_zl3MnT4', 'Turning trash into something less useful']}


Layer 0:

{}


Layer 1:

{'mfR3FE4NWtg': ['StJremO4_Do', "The Slowest Leblanc Carry You've Ever Seen"], 'oHA4MFeC_TU': ['StJremO4_Do', 'Underground 6 Heist With Max Value Daredevil']}


Layer 2:

{'oHA4MFeC_TU': ['mfR3FE4NWtg', 'Underground 6 Heist With Max Value Daredevil'], 'StJremO4_Do': ['mfR3FE4NWtg', 'Double Infinite HP Scaling Brawler Admins'], 'mfR3FE4NWtg': ['oHA4MFeC_TU', "The Slowest Leblanc Carry You've Ever Seen"], 'J7aH6xC0g_k': ['oHA4MFeC_TU', 'Max Mascots Guardian Spirit Malphite 3 Infinite Healing Hack']}


Layer 3:

{'mfR3FE4NWtg': ['StJremO4_Do', "The Slowest Leblanc Carry You've Ever Seen"], 'J7aH6xC0g_k': ['oHA4MFeC_TU', 'Max Mascots Guardian Spirit Malphite 3 Infinite Healing Hack'], 'oHA4MFeC_TU': ['mfR3FE4NWtg', 'Underground 6 Heist With Max Value Daredevil'], 'StJremO4_Do': ['mfR3FE4NWtg', 'Double Infinite HP Scaling Brawler Admins'], 'DStGsFLr6-o': ['J7aH6xC0g_k', 'Rich Get Richers Meets Ante Up For INSANE Econ']}


Layer 0:

{}


Layer 1:

{'mfR3FE4NWtg': ['StJremO4_Do', "The Slowest Leblanc Carry You've Ever Seen"], 'oHA4MFeC_TU': ['StJremO4_Do', 'Underground 6 Heist With Max Value Daredevil']}


Layer 2:

{'oHA4MFeC_TU': ['mfR3FE4NWtg', 'Underground 6 Heist With Max Value Daredevil'], 'StJremO4_Do': ['mfR3FE4NWtg', 'Double Infinite HP Scaling Brawler Admins'], 'mfR3FE4NWtg': ['oHA4MFeC_TU', "The Slowest Leblanc Carry You've Ever Seen"], 'J7aH6xC0g_k': ['oHA4MFeC_TU', 'Max Mascots Guardian Spirit Malphite 3 Infinite Healing Hack']}


Layer 3:

{'mfR3FE4NWtg': ['StJremO4_Do', "The Slowest Leblanc Carry You've Ever Seen"], 'J7aH6xC0g_k': ['oHA4MFeC_TU', 'Max Mascots Guardian Spirit Malphite 3 Infinite Healing Hack'], 'oHA4MFeC_TU': ['mfR3FE4NWtg', 'Underground 6 Heist With Max Value Daredevil'], 'StJremO4_Do': ['mfR3FE4NWtg', 'Double Infinite HP Scaling Brawler Admins'], 'DStGsFLr6-o': ['J7aH6xC0g_k', 'Rich Get Richers Meets Ante Up For INSANE Econ']}


Layer 0:

{}


Layer 1:

{'mfR3FE4NWtg': ['StJremO4_Do', "The Slowest Leblanc Carry You've Ever Seen"], 'oHA4MFeC_TU': ['StJremO4_Do', 'Underground 6 Heist With Max Value Daredevil']}


Layer 2:

{'oHA4MFeC_TU': ['mfR3FE4NWtg', 'Underground 6 Heist With Max Value Daredevil'], 'StJremO4_Do': ['mfR3FE4NWtg', 'Double Infinite HP Scaling Brawler Admins'], 'mfR3FE4NWtg': ['oHA4MFeC_TU', "The Slowest Leblanc Carry You've Ever Seen"], '5A5UCf6ygvo': ['oHA4MFeC_TU', 'Winds of the Wanderer Yasuo 3 is literally Faker']}


Layer 3:

{'mfR3FE4NWtg': ['5A5UCf6ygvo', "The Slowest Leblanc Carry You've Ever Seen"], '5A5UCf6ygvo': ['oHA4MFeC_TU', 'Winds of the Wanderer Yasuo 3 is literally Faker'], 'oHA4MFeC_TU': ['5A5UCf6ygvo', 'Underground 6 Heist With Max Value Daredevil'], 'StJremO4_Do': ['mfR3FE4NWtg', 'Double Infinite HP Scaling Brawler Admins']}


Layer 0:

{}


Layer 1:

{'JhkD2CnmghU': ['E3Myn3JREkA', 'KONAMI.. Can EXODIA OBLITERATE!? Opening 25th Anniversary YuGiOh.. DARK CRISIS (DCR)', 'UC2TMKGFQMl7e9Zus03kefKw'], 'T0rng5PVAX4': ['E3Myn3JREkA', 'BANDAI WHAT HAVE YOU DONE!!? Opening the MOST GODLY.. Dragon Ball Power Absorbed Collector Booster', 'UC2TMKGFQMl7e9Zus03kefKw']}


Layer 2:

{'HQq9gA2AU4w': ['JhkD2CnmghU', 'KONAMI, SAY LESS! Opening 25th Anniversary YuGiOh.. LEGEND Of BLUE EYES WHITE DRAGON (LOB)', 'UC2TMKGFQMl7e9Zus03kefKw'], 'E3Myn3JREkA': ['JhkD2CnmghU', "KONAMI.. IS THIS PEAK YuGiOh!? Opening 25th Anniversary.. PHARAOH'S SERVANT (PSV)", 'UC2TMKGFQMl7e9Zus03kefKw'], 'HbKy4CGBaek': ['T0rng5PVAX4', 'I GRADED MY RAREST YuGiOh Cards!', 'UC2TMKGFQMl7e9Zus03kefKw']}


Layer 3:

{'dJ1pgAwCuR4': ['HQq9gA2AU4w', 'KONAMI… SHEEESH! Opening 25th Anniversary YuGiOh.. METAL RAIDERS (MRD)', 'UC2TMKGFQMl7e9Zus03kefKw'], 'JhkD2CnmghU': ['E3Myn3JREkA', 'KONAMI.. Can EXODIA OBLITERATE!? Opening 25th Anniversary YuGiOh.. DARK CRISIS (DCR)', 'UC2TMKGFQMl7e9Zus03kefKw'], 'T0rng5PVAX4': ['E3Myn3JREkA', 'BANDAI WHAT HAVE YOU DONE!!? Opening the MOST GODLY.. Dragon Ball Power Absorbed Collector Booster', 'UC2TMKGFQMl7e9Zus03kefKw'], 'kZCfnEaNHU0': ['HbKy4CGBaek', '$25,000 Graded Card Return that Changed EVERYTHING..', 'UC2TMKGFQMl7e9Zus03kefKw']}


Layer 0:

{}


Layer 1:

{'JhkD2CnmghU': ['E3Myn3JREkA', 'KONAMI.. Can EXODIA OBLITERATE!? Opening 25th Anniversary YuGiOh.. DARK CRISIS (DCR)', 'UC2TMKGFQMl7e9Zus03kefKw']}


Layer 2:

{'HQq9gA2AU4w': ['JhkD2CnmghU', 'KONAMI, SAY LESS! Opening 25th Anniversary YuGiOh.. LEGEND Of BLUE EYES WHITE DRAGON (LOB)', 'UC2TMKGFQMl7e9Zus03kefKw'], 'oNiBaTeg6z4': ['JhkD2CnmghU', 'Metal Raiders 25th Anniversary Box Opening (Legacy Week)', 'UCGv5B6UkLMVYHb5SR48ZqFg']}


Layer 3:

{'dJ1pgAwCuR4': ['HQq9gA2AU4w', 'KONAMI… SHEEESH! Opening 25th Anniversary YuGiOh.. METAL RAIDERS (MRD)', 'UC2TMKGFQMl7e9Zus03kefKw'], 'ZXp0vyKnZnE': ['oNiBaTeg6z4', 'PSA Graded 100 Of My Rare Yugioh Cards (INSANE)', 'UCGv5B6UkLMVYHb5SR48ZqFg'], '65SgnbVRj8g': ['oNiBaTeg6z4', 'EPIC Spell Ruler 25th Anniversary Box Opening (Legacy Week)', 'UCGv5B6UkLMVYHb5SR48ZqFg']}


Layer 0:

{}


Layer 1:

{'JhkD2CnmghU': ['E3Myn3JREkA', 'KONAMI.. Can EXODIA OBLITERATE!? Opening 25th Anniversary YuGiOh.. DARK CRISIS (DCR)', 'UC2TMKGFQMl7e9Zus03kefKw'], 'T0rng5PVAX4': ['E3Myn3JREkA', 'BANDAI WHAT HAVE YOU DONE!!? Opening the MOST GODLY.. Dragon Ball Power Absorbed Collector Booster', 'UC2TMKGFQMl7e9Zus03kefKw']}


Layer 2:

{'HQq9gA2AU4w': ['JhkD2CnmghU', 'KONAMI, SAY LESS! Opening 25th Anniversary YuGiOh.. LEGEND Of BLUE EYES WHITE DRAGON (LOB)', 'UC2TMKGFQMl7e9Zus03kefKw'], 'T0rng5PVAX4': ['JhkD2CnmghU', 'BANDAI WHAT HAVE YOU DONE!!? Opening the MOST GODLY.. Dragon Ball Power Absorbed Collector Booster', 'UC2TMKGFQMl7e9Zus03kefKw'], 'ltk7ldgzCI4': ['T0rng5PVAX4', "KONAMI.. YOU'VE DONE IT!? Legendary Collection 25th Anniversary Edition is HERE!", 'UC2TMKGFQMl7e9Zus03kefKw']}


Layer 3:

{'dJ1pgAwCuR4': ['HQq9gA2AU4w', 'KONAMI… SHEEESH! Opening 25th Anniversary YuGiOh.. METAL RAIDERS (MRD)', 'UC2TMKGFQMl7e9Zus03kefKw'], 'ltk7ldgzCI4': ['T0rng5PVAX4', "KONAMI.. YOU'VE DONE IT!? Legendary Collection 25th Anniversary Edition is HERE!", 'UC2TMKGFQMl7e9Zus03kefKw'], 'HQq9gA2AU4w': ['ltk7ldgzCI4', 'KONAMI, SAY LESS! Opening 25th Anniversary YuGiOh.. LEGEND Of BLUE EYES WHITE DRAGON (LOB)', 'UC2TMKGFQMl7e9Zus03kefKw']}


Layer 0:

{}


Layer 1:

{'JhkD2CnmghU': ['E3Myn3JREkA', 'KONAMI.. Can EXODIA OBLITERATE!? Opening 25th Anniversary YuGiOh.. DARK CRISIS (DCR)', 'UC2TMKGFQMl7e9Zus03kefKw']}


Layer 2:

{'HQq9gA2AU4w': ['JhkD2CnmghU', 'KONAMI, SAY LESS! Opening 25th Anniversary YuGiOh.. LEGEND Of BLUE EYES WHITE DRAGON (LOB)', 'UC2TMKGFQMl7e9Zus03kefKw'], 'T0rng5PVAX4': ['JhkD2CnmghU', 'BANDAI WHAT HAVE YOU DONE!!? Opening the MOST GODLY.. Dragon Ball Power Absorbed Collector Booster', 'UC2TMKGFQMl7e9Zus03kefKw']}


Layer 3:

{'dJ1pgAwCuR4': ['HQq9gA2AU4w', 'KONAMI… SHEEESH! Opening 25th Anniversary YuGiOh.. METAL RAIDERS (MRD)', 'UC2TMKGFQMl7e9Zus03kefKw'], 'ltk7ldgzCI4': ['T0rng5PVAX4', "KONAMI.. YOU'VE DONE IT!? Legendary Collection 25th Anniversary Edition is HERE!", 'UC2TMKGFQMl7e9Zus03kefKw']}


Layer 0:

{}


Layer 1:

{'JhkD2CnmghU': ['E3Myn3JREkA', 'KONAMI.. Can EXODIA OBLITERATE!? Opening 25th Anniversary YuGiOh.. DARK CRISIS (DCR)', 'UC2TMKGFQMl7e9Zus03kefKw']}


Layer 2:

{'HQq9gA2AU4w': ['JhkD2CnmghU', 'KONAMI, SAY LESS! Opening 25th Anniversary YuGiOh.. LEGEND Of BLUE EYES WHITE DRAGON (LOB)', 'UC2TMKGFQMl7e9Zus03kefKw'], 'E3Myn3JREkA': ['JhkD2CnmghU', "KONAMI.. IS THIS PEAK YuGiOh!? Opening 25th Anniversary.. PHARAOH'S SERVANT (PSV)", 'UC2TMKGFQMl7e9Zus03kefKw']}


Layer 3:

{'dJ1pgAwCuR4': ['HQq9gA2AU4w', 'KONAMI… SHEEESH! Opening 25th Anniversary YuGiOh.. METAL RAIDERS (MRD)', 'UC2TMKGFQMl7e9Zus03kefKw'], 'JhkD2CnmghU': ['E3Myn3JREkA', 'KONAMI.. Can EXODIA OBLITERATE!? Opening 25th Anniversary YuGiOh.. DARK CRISIS (DCR)', 'UC2TMKGFQMl7e9Zus03kefKw']}


Layer 0:

{}


Layer 1:

{'JhkD2CnmghU': ['E3Myn3JREkA', 'KONAMI.. Can EXODIA OBLITERATE!? Opening 25th Anniversary YuGiOh.. DARK CRISIS (DCR)', 'UC2TMKGFQMl7e9Zus03kefKw']}


Layer 2:

{'HQq9gA2AU4w': ['JhkD2CnmghU', 'KONAMI, SAY LESS! Opening 25th Anniversary YuGiOh.. LEGEND Of BLUE EYES WHITE DRAGON (LOB)', 'UC2TMKGFQMl7e9Zus03kefKw'], 'E3Myn3JREkA': ['JhkD2CnmghU', "KONAMI.. IS THIS PEAK YuGiOh!? Opening 25th Anniversary.. PHARAOH'S SERVANT (PSV)", 'UC2TMKGFQMl7e9Zus03kefKw']}


Layer 3:

{'dJ1pgAwCuR4': ['HQq9gA2AU4w', 'KONAMI… SHEEESH! Opening 25th Anniversary YuGiOh.. METAL RAIDERS (MRD)', 'UC2TMKGFQMl7e9Zus03kefKw'], 'JhkD2CnmghU': ['E3Myn3JREkA', 'KONAMI.. Can EXODIA OBLITERATE!? Opening 25th Anniversary YuGiOh.. DARK CRISIS (DCR)', 'UC2TMKGFQMl7e9Zus03kefKw']}


Layer 0:

{}


Layer 1:

{'JhkD2CnmghU': ['E3Myn3JREkA', 'KONAMI.. Can EXODIA OBLITERATE!? Opening 25th Anniversary YuGiOh.. DARK CRISIS (DCR)', 'UC2TMKGFQMl7e9Zus03kefKw'], 'T0rng5PVAX4': ['E3Myn3JREkA', 'BANDAI WHAT HAVE YOU DONE!!? Opening the MOST GODLY.. Dragon Ball Power Absorbed Collector Booster', 'UC2TMKGFQMl7e9Zus03kefKw']}


Layer 2:

{'HQq9gA2AU4w': ['JhkD2CnmghU', 'KONAMI, SAY LESS! Opening 25th Anniversary YuGiOh.. LEGEND Of BLUE EYES WHITE DRAGON (LOB)', 'UC2TMKGFQMl7e9Zus03kefKw'], 'oNiBaTeg6z4': ['JhkD2CnmghU', 'Metal Raiders 25th Anniversary Box Opening (Legacy Week)', 'UCGv5B6UkLMVYHb5SR48ZqFg'], 'T0rng5PVAX4': ['JhkD2CnmghU', 'BANDAI WHAT HAVE YOU DONE!!? Opening the MOST GODLY.. Dragon Ball Power Absorbed Collector Booster', 'UC2TMKGFQMl7e9Zus03kefKw'], 'ltk7ldgzCI4': ['T0rng5PVAX4', "KONAMI.. YOU'VE DONE IT!? Legendary Collection 25th Anniversary Edition is HERE!", 'UC2TMKGFQMl7e9Zus03kefKw'], 'R4qfP2fWQIc': ['T0rng5PVAX4', "*NEW* Dragon Ball Super Power Absorbed Collector's Booster Box Opening!", 'UCLF4uGPgJ19H3JddDnO_-0Q']}


Layer 3:

{'dJ1pgAwCuR4': ['HQq9gA2AU4w', 'KONAMI… SHEEESH! Opening 25th Anniversary YuGiOh.. METAL RAIDERS (MRD)', 'UC2TMKGFQMl7e9Zus03kefKw'], 'T0rng5PVAX4': ['HQq9gA2AU4w', 'BANDAI WHAT HAVE YOU DONE!!? Opening the MOST GODLY.. Dragon Ball Power Absorbed Collector Booster', 'UC2TMKGFQMl7e9Zus03kefKw'], 'ZXp0vyKnZnE': ['oNiBaTeg6z4', 'PSA Graded 100 Of My Rare Yugioh Cards (INSANE)', 'UCGv5B6UkLMVYHb5SR48ZqFg'], '65SgnbVRj8g': ['oNiBaTeg6z4', 'EPIC Spell Ruler 25th Anniversary Box Opening (Legacy Week)', 'UCGv5B6UkLMVYHb5SR48ZqFg'], 'Bm1wZwwmaGw': ['oNiBaTeg6z4', 'Is OLD Gold The BEST Gold? (Golden Yugioh Cards)', 'UCGv5B6UkLMVYHb5SR48ZqFg'], 'ltk7ldgzCI4': ['T0rng5PVAX4', "KONAMI.. YOU'VE DONE IT!? Legendary Collection 25th Anniversary Edition is HERE!", 'UC2TMKGFQMl7e9Zus03kefKw'], 'R4qfP2fWQIc': ['T0rng5PVAX4', "*NEW* Dragon Ball Super Power Absorbed Collector's Booster Box Opening!", 'UCLF4uGPgJ19H3JddDnO_-0Q'], 'HQq9gA2AU4w': ['ltk7ldgzCI4', 'KONAMI, SAY LESS! Opening 25th Anniversary YuGiOh.. LEGEND Of BLUE EYES WHITE DRAGON (LOB)', 'UC2TMKGFQMl7e9Zus03kefKw'], 'HbKy4CGBaek': ['ltk7ldgzCI4', 'I GRADED MY RAREST YuGiOh Cards!', 'UC2TMKGFQMl7e9Zus03kefKw'], '8czCVq_Tejw': ['R4qfP2fWQIc', 'I Graded My RARE Dragon Ball Super Cards!', 'UCLF4uGPgJ19H3JddDnO_-0Q'], 'sqjws7m_WUo': ['R4qfP2fWQIc', '*NEW* Dragon Ball Super Dawn Of The Z Legends Booster Box Opening!', 'UCLF4uGPgJ19H3JddDnO_-0Q'], 'Wm2MNyVDRaU': ['R4qfP2fWQIc', '*NEW* Dragon Ball Super Power Absorbed Booster Box Opening!', 'UCLF4uGPgJ19H3JddDnO_-0Q']}


Layer 0:

{}


Layer 1:

{'JhkD2CnmghU': ['E3Myn3JREkA', 'KONAMI.. Can EXODIA OBLITERATE!? Opening 25th Anniversary YuGiOh.. DARK CRISIS (DCR)', 'UC2TMKGFQMl7e9Zus03kefKw'], 'T0rng5PVAX4': ['E3Myn3JREkA', 'BANDAI WHAT HAVE YOU DONE!!? Opening the MOST GODLY.. Dragon Ball Power Absorbed Collector Booster', 'UC2TMKGFQMl7e9Zus03kefKw'], 'PA7eAF7Yg-c': ['E3Myn3JREkA', 'BANDAI WHAT HAVE YOU DON!? OPENING *NEW* ONE PIECE PARAMOUNT WAR', 'UC2TMKGFQMl7e9Zus03kefKw']}


Layer 2:

{'HQq9gA2AU4w': ['JhkD2CnmghU', 'KONAMI, SAY LESS! Opening 25th Anniversary YuGiOh.. LEGEND Of BLUE EYES WHITE DRAGON (LOB)', 'UC2TMKGFQMl7e9Zus03kefKw'], 'E3Myn3JREkA': ['JhkD2CnmghU', "KONAMI.. IS THIS PEAK YuGiOh!? Opening 25th Anniversary.. PHARAOH'S SERVANT (PSV)", 'UC2TMKGFQMl7e9Zus03kefKw'], 'T0rng5PVAX4': ['JhkD2CnmghU', 'BANDAI WHAT HAVE YOU DONE!!? Opening the MOST GODLY.. Dragon Ball Power Absorbed Collector Booster', 'UC2TMKGFQMl7e9Zus03kefKw'], 'ltk7ldgzCI4': ['T0rng5PVAX4', "KONAMI.. YOU'VE DONE IT!? Legendary Collection 25th Anniversary Edition is HERE!", 'UC2TMKGFQMl7e9Zus03kefKw'], 'R4qfP2fWQIc': ['T0rng5PVAX4', "*NEW* Dragon Ball Super Power Absorbed Collector's Booster Box Opening!", 'UCLF4uGPgJ19H3JddDnO_-0Q'], 'Jro-qDDSJKI': ['PA7eAF7Yg-c', 'What is ONE PIECE Card Game? | Opening BANDAI’s Romance Dawn', 'UC2TMKGFQMl7e9Zus03kefKw'], 'HbKy4CGBaek': ['PA7eAF7Yg-c', 'I GRADED MY RAREST YuGiOh Cards!', 'UC2TMKGFQMl7e9Zus03kefKw']}


Layer 3:

{'dJ1pgAwCuR4': ['HQq9gA2AU4w', 'KONAMI… SHEEESH! Opening 25th Anniversary YuGiOh.. METAL RAIDERS (MRD)', 'UC2TMKGFQMl7e9Zus03kefKw'], 'T0rng5PVAX4': ['R4qfP2fWQIc', 'BANDAI WHAT HAVE YOU DONE!!? Opening the MOST GODLY.. Dragon Ball Power Absorbed Collector Booster', 'UC2TMKGFQMl7e9Zus03kefKw'], 'JhkD2CnmghU': ['E3Myn3JREkA', 'KONAMI.. Can EXODIA OBLITERATE!? Opening 25th Anniversary YuGiOh.. DARK CRISIS (DCR)', 'UC2TMKGFQMl7e9Zus03kefKw'], 'PA7eAF7Yg-c': ['Jro-qDDSJKI', 'BANDAI WHAT HAVE YOU DON!? OPENING *NEW* ONE PIECE PARAMOUNT WAR', 'UC2TMKGFQMl7e9Zus03kefKw'], 'ltk7ldgzCI4': ['T0rng5PVAX4', "KONAMI.. YOU'VE DONE IT!? Legendary Collection 25th Anniversary Edition is HERE!", 'UC2TMKGFQMl7e9Zus03kefKw'], 'Wm2MNyVDRaU': ['R4qfP2fWQIc', '*NEW* Dragon Ball Super Power Absorbed Booster Box Opening!', 'UCLF4uGPgJ19H3JddDnO_-0Q'], 'HQq9gA2AU4w': ['ltk7ldgzCI4', 'KONAMI, SAY LESS! Opening 25th Anniversary YuGiOh.. LEGEND Of BLUE EYES WHITE DRAGON (LOB)', 'UC2TMKGFQMl7e9Zus03kefKw'], '8czCVq_Tejw': ['R4qfP2fWQIc', 'I Graded My RARE Dragon Ball Super Cards!', 'UCLF4uGPgJ19H3JddDnO_-0Q'], 'RNPhxXjUVFw': ['Jro-qDDSJKI', '*ONE PIECE PARAMOUNT WAR & ROMANCE DAWN Booster Box Opening!', 'UCUsODGoQh1uj_hH2G3k2bQg'], 'kZCfnEaNHU0': ['HbKy4CGBaek', '$25,000 Graded Card Return that Changed EVERYTHING..', 'UC2TMKGFQMl7e9Zus03kefKw'], 'ZP61wUYPs_M': ['HbKy4CGBaek', 'The Complete History of the Yu-Gi-Oh! Meta: Part 1 (2002-2005)', 'UCC_veBBSiWePriZ2p7Lqfhg']}


Layer 0:

{}


Layer 1:

{'JhkD2CnmghU': ['E3Myn3JREkA', 'KONAMI.. Can EXODIA OBLITERATE!? Opening 25th Anniversary YuGiOh.. DARK CRISIS (DCR)', 'UC2TMKGFQMl7e9Zus03kefKw'], 'T0rng5PVAX4': ['E3Myn3JREkA', 'BANDAI WHAT HAVE YOU DONE!!? Opening the MOST GODLY.. Dragon Ball Power Absorbed Collector Booster', 'UC2TMKGFQMl7e9Zus03kefKw']}


Layer 2:

{'HQq9gA2AU4w': ['JhkD2CnmghU', 'KONAMI, SAY LESS! Opening 25th Anniversary YuGiOh.. LEGEND Of BLUE EYES WHITE DRAGON (LOB)', 'UC2TMKGFQMl7e9Zus03kefKw'], 'E3Myn3JREkA': ['JhkD2CnmghU', "KONAMI.. IS THIS PEAK YuGiOh!? Opening 25th Anniversary.. PHARAOH'S SERVANT (PSV)", 'UC2TMKGFQMl7e9Zus03kefKw'], 'ltk7ldgzCI4': ['T0rng5PVAX4', "KONAMI.. YOU'VE DONE IT!? Legendary Collection 25th Anniversary Edition is HERE!", 'UC2TMKGFQMl7e9Zus03kefKw']}


Layer 3:

{'dJ1pgAwCuR4': ['HQq9gA2AU4w', 'KONAMI… SHEEESH! Opening 25th Anniversary YuGiOh.. METAL RAIDERS (MRD)', 'UC2TMKGFQMl7e9Zus03kefKw'], 'JhkD2CnmghU': ['E3Myn3JREkA', 'KONAMI.. Can EXODIA OBLITERATE!? Opening 25th Anniversary YuGiOh.. DARK CRISIS (DCR)', 'UC2TMKGFQMl7e9Zus03kefKw'], 'T0rng5PVAX4': ['E3Myn3JREkA', 'BANDAI WHAT HAVE YOU DONE!!? Opening the MOST GODLY.. Dragon Ball Power Absorbed Collector Booster', 'UC2TMKGFQMl7e9Zus03kefKw'], 'HbKy4CGBaek': ['ltk7ldgzCI4', 'I GRADED MY RAREST YuGiOh Cards!', 'UC2TMKGFQMl7e9Zus03kefKw']}


Layer 0:

{}


Layer 1:

{'JhkD2CnmghU': ['E3Myn3JREkA', 'KONAMI.. Can EXODIA OBLITERATE!? Opening 25th Anniversary YuGiOh.. DARK CRISIS (DCR)', 'UC2TMKGFQMl7e9Zus03kefKw'], 'T0rng5PVAX4': ['E3Myn3JREkA', 'BANDAI WHAT HAVE YOU DONE!!? Opening the MOST GODLY.. Dragon Ball Power Absorbed Collector Booster', 'UC2TMKGFQMl7e9Zus03kefKw']}


Layer 2:

{'HQq9gA2AU4w': ['JhkD2CnmghU', 'KONAMI, SAY LESS! Opening 25th Anniversary YuGiOh.. LEGEND Of BLUE EYES WHITE DRAGON (LOB)', 'UC2TMKGFQMl7e9Zus03kefKw'], 'E3Myn3JREkA': ['JhkD2CnmghU', "KONAMI.. IS THIS PEAK YuGiOh!? Opening 25th Anniversary.. PHARAOH'S SERVANT (PSV)", 'UC2TMKGFQMl7e9Zus03kefKw'], 'ltk7ldgzCI4': ['T0rng5PVAX4', "KONAMI.. YOU'VE DONE IT!? Legendary Collection 25th Anniversary Edition is HERE!", 'UC2TMKGFQMl7e9Zus03kefKw']}


Layer 3:

{'dJ1pgAwCuR4': ['HQq9gA2AU4w', 'KONAMI… SHEEESH! Opening 25th Anniversary YuGiOh.. METAL RAIDERS (MRD)', 'UC2TMKGFQMl7e9Zus03kefKw'], 'JhkD2CnmghU': ['E3Myn3JREkA', 'KONAMI.. Can EXODIA OBLITERATE!? Opening 25th Anniversary YuGiOh.. DARK CRISIS (DCR)', 'UC2TMKGFQMl7e9Zus03kefKw'], 'T0rng5PVAX4': ['E3Myn3JREkA', 'BANDAI WHAT HAVE YOU DONE!!? Opening the MOST GODLY.. Dragon Ball Power Absorbed Collector Booster', 'UC2TMKGFQMl7e9Zus03kefKw'], 'HQq9gA2AU4w': ['ltk7ldgzCI4', 'KONAMI, SAY LESS! Opening 25th Anniversary YuGiOh.. LEGEND Of BLUE EYES WHITE DRAGON (LOB)', 'UC2TMKGFQMl7e9Zus03kefKw']}


Layer 0:

{}


Layer 1:

{'JhkD2CnmghU': ['E3Myn3JREkA', 'KONAMI.. Can EXODIA OBLITERATE!? Opening 25th Anniversary YuGiOh.. DARK CRISIS (DCR)', 'UC2TMKGFQMl7e9Zus03kefKw'], 'T0rng5PVAX4': ['E3Myn3JREkA', 'BANDAI WHAT HAVE YOU DONE!!? Opening the MOST GODLY.. Dragon Ball Power Absorbed Collector Booster', 'UC2TMKGFQMl7e9Zus03kefKw']}


Layer 2:

{'HQq9gA2AU4w': ['JhkD2CnmghU', 'KONAMI, SAY LESS! Opening 25th Anniversary YuGiOh.. LEGEND Of BLUE EYES WHITE DRAGON (LOB)', 'UC2TMKGFQMl7e9Zus03kefKw'], 'E3Myn3JREkA': ['JhkD2CnmghU', "KONAMI.. IS THIS PEAK YuGiOh!? Opening 25th Anniversary.. PHARAOH'S SERVANT (PSV)", 'UC2TMKGFQMl7e9Zus03kefKw'], 'ltk7ldgzCI4': ['T0rng5PVAX4', "KONAMI.. YOU'VE DONE IT!? Legendary Collection 25th Anniversary Edition is HERE!", 'UC2TMKGFQMl7e9Zus03kefKw']}


Layer 3:

{'dJ1pgAwCuR4': ['HQq9gA2AU4w', 'KONAMI… SHEEESH! Opening 25th Anniversary YuGiOh.. METAL RAIDERS (MRD)', 'UC2TMKGFQMl7e9Zus03kefKw'], 'JhkD2CnmghU': ['E3Myn3JREkA', 'KONAMI.. Can EXODIA OBLITERATE!? Opening 25th Anniversary YuGiOh.. DARK CRISIS (DCR)', 'UC2TMKGFQMl7e9Zus03kefKw'], 'T0rng5PVAX4': ['E3Myn3JREkA', 'BANDAI WHAT HAVE YOU DONE!!? Opening the MOST GODLY.. Dragon Ball Power Absorbed Collector Booster', 'UC2TMKGFQMl7e9Zus03kefKw'], 'HbKy4CGBaek': ['ltk7ldgzCI4', 'I GRADED MY RAREST YuGiOh Cards!', 'UC2TMKGFQMl7e9Zus03kefKw']}


Layer 0:

{}


Layer 1:

{'JhkD2CnmghU': ['E3Myn3JREkA', 'KONAMI.. Can EXODIA OBLITERATE!? Opening 25th Anniversary YuGiOh.. DARK CRISIS (DCR)', 'UC2TMKGFQMl7e9Zus03kefKw'], 'T0rng5PVAX4': ['E3Myn3JREkA', 'BANDAI WHAT HAVE YOU DONE!!? Opening the MOST GODLY.. Dragon Ball Power Absorbed Collector Booster', 'UC2TMKGFQMl7e9Zus03kefKw']}


Layer 2:

{'HQq9gA2AU4w': ['JhkD2CnmghU', 'KONAMI, SAY LESS! Opening 25th Anniversary YuGiOh.. LEGEND Of BLUE EYES WHITE DRAGON (LOB)', 'UC2TMKGFQMl7e9Zus03kefKw'], 'E3Myn3JREkA': ['JhkD2CnmghU', "KONAMI.. IS THIS PEAK YuGiOh!? Opening 25th Anniversary.. PHARAOH'S SERVANT (PSV)", 'UC2TMKGFQMl7e9Zus03kefKw'], 'ltk7ldgzCI4': ['T0rng5PVAX4', "KONAMI.. YOU'VE DONE IT!? Legendary Collection 25th Anniversary Edition is HERE!", 'UC2TMKGFQMl7e9Zus03kefKw']}


Layer 3:

{'dJ1pgAwCuR4': ['HQq9gA2AU4w', 'KONAMI… SHEEESH! Opening 25th Anniversary YuGiOh.. METAL RAIDERS (MRD)', 'UC2TMKGFQMl7e9Zus03kefKw'], 'JhkD2CnmghU': ['E3Myn3JREkA', 'KONAMI.. Can EXODIA OBLITERATE!? Opening 25th Anniversary YuGiOh.. DARK CRISIS (DCR)', 'UC2TMKGFQMl7e9Zus03kefKw'], 'T0rng5PVAX4': ['E3Myn3JREkA', 'BANDAI WHAT HAVE YOU DONE!!? Opening the MOST GODLY.. Dragon Ball Power Absorbed Collector Booster', 'UC2TMKGFQMl7e9Zus03kefKw'], 'HQq9gA2AU4w': ['ltk7ldgzCI4', 'KONAMI, SAY LESS! Opening 25th Anniversary YuGiOh.. LEGEND Of BLUE EYES WHITE DRAGON (LOB)', 'UC2TMKGFQMl7e9Zus03kefKw']}


Layer 0:

{}


Layer 1:

{'JhkD2CnmghU': ['E3Myn3JREkA', 'KONAMI.. Can EXODIA OBLITERATE!? Opening 25th Anniversary YuGiOh.. DARK CRISIS (DCR)', 'UC2TMKGFQMl7e9Zus03kefKw']}


Layer 2:

{'HQq9gA2AU4w': ['JhkD2CnmghU', 'KONAMI, SAY LESS! Opening 25th Anniversary YuGiOh.. LEGEND Of BLUE EYES WHITE DRAGON (LOB)', 'UC2TMKGFQMl7e9Zus03kefKw'], 'E3Myn3JREkA': ['JhkD2CnmghU', "KONAMI.. IS THIS PEAK YuGiOh!? Opening 25th Anniversary.. PHARAOH'S SERVANT (PSV)", 'UC2TMKGFQMl7e9Zus03kefKw']}


Layer 3:

{'dJ1pgAwCuR4': ['HQq9gA2AU4w', 'KONAMI… SHEEESH! Opening 25th Anniversary YuGiOh.. METAL RAIDERS (MRD)', 'UC2TMKGFQMl7e9Zus03kefKw'], 'JhkD2CnmghU': ['E3Myn3JREkA', 'KONAMI.. Can EXODIA OBLITERATE!? Opening 25th Anniversary YuGiOh.. DARK CRISIS (DCR)', 'UC2TMKGFQMl7e9Zus03kefKw']}


Layer 0:

{}


Layer 1:

{'JhkD2CnmghU': ['E3Myn3JREkA', 'KONAMI.. Can EXODIA OBLITERATE!? Opening 25th Anniversary YuGiOh.. DARK CRISIS (DCR)', 'UC2TMKGFQMl7e9Zus03kefKw']}


Layer 2:

{'HQq9gA2AU4w': ['JhkD2CnmghU', 'KONAMI, SAY LESS! Opening 25th Anniversary YuGiOh.. LEGEND Of BLUE EYES WHITE DRAGON (LOB)', 'UC2TMKGFQMl7e9Zus03kefKw'], 'E3Myn3JREkA': ['JhkD2CnmghU', "KONAMI.. IS THIS PEAK YuGiOh!? Opening 25th Anniversary.. PHARAOH'S SERVANT (PSV)", 'UC2TMKGFQMl7e9Zus03kefKw']}


Layer 3:

{'dJ1pgAwCuR4': ['HQq9gA2AU4w', 'KONAMI… SHEEESH! Opening 25th Anniversary YuGiOh.. METAL RAIDERS (MRD)', 'UC2TMKGFQMl7e9Zus03kefKw'], 'JhkD2CnmghU': ['E3Myn3JREkA', 'KONAMI.. Can EXODIA OBLITERATE!? Opening 25th Anniversary YuGiOh.. DARK CRISIS (DCR)', 'UC2TMKGFQMl7e9Zus03kefKw']}


Layer 0:

{}


Layer 1:

{'JhkD2CnmghU': ['E3Myn3JREkA', 'KONAMI.. Can EXODIA OBLITERATE!? Opening 25th Anniversary YuGiOh.. DARK CRISIS (DCR)', 'UC2TMKGFQMl7e9Zus03kefKw']}


Layer 2:

{'HQq9gA2AU4w': ['JhkD2CnmghU', 'KONAMI, SAY LESS! Opening 25th Anniversary YuGiOh.. LEGEND Of BLUE EYES WHITE DRAGON (LOB)', 'UC2TMKGFQMl7e9Zus03kefKw'], 'E3Myn3JREkA': ['JhkD2CnmghU', "KONAMI.. IS THIS PEAK YuGiOh!? Opening 25th Anniversary.. PHARAOH'S SERVANT (PSV)", 'UC2TMKGFQMl7e9Zus03kefKw']}


Layer 3:

{'dJ1pgAwCuR4': ['HQq9gA2AU4w', 'KONAMI… SHEEESH! Opening 25th Anniversary YuGiOh.. METAL RAIDERS (MRD)', 'UC2TMKGFQMl7e9Zus03kefKw'], 'JhkD2CnmghU': ['E3Myn3JREkA', 'KONAMI.. Can EXODIA OBLITERATE!? Opening 25th Anniversary YuGiOh.. DARK CRISIS (DCR)', 'UC2TMKGFQMl7e9Zus03kefKw']}


Layer 0:

{}


Layer 1:

{'JhkD2CnmghU': ['E3Myn3JREkA', 'KONAMI.. Can EXODIA OBLITERATE!? Opening 25th Anniversary YuGiOh.. DARK CRISIS (DCR)', 'UC2TMKGFQMl7e9Zus03kefKw']}


Layer 2:

{'HQq9gA2AU4w': ['JhkD2CnmghU', 'KONAMI, SAY LESS! Opening 25th Anniversary YuGiOh.. LEGEND Of BLUE EYES WHITE DRAGON (LOB)', 'UC2TMKGFQMl7e9Zus03kefKw'], 'E3Myn3JREkA': ['JhkD2CnmghU', "KONAMI.. IS THIS PEAK YuGiOh!? Opening 25th Anniversary.. PHARAOH'S SERVANT (PSV)", 'UC2TMKGFQMl7e9Zus03kefKw']}


Layer 3:

{'dJ1pgAwCuR4': ['HQq9gA2AU4w', 'KONAMI… SHEEESH! Opening 25th Anniversary YuGiOh.. METAL RAIDERS (MRD)', 'UC2TMKGFQMl7e9Zus03kefKw'], 'JhkD2CnmghU': ['E3Myn3JREkA', 'KONAMI.. Can EXODIA OBLITERATE!? Opening 25th Anniversary YuGiOh.. DARK CRISIS (DCR)', 'UC2TMKGFQMl7e9Zus03kefKw']}


Layer 0:

{}


Layer 1:

{'JhkD2CnmghU': ['E3Myn3JREkA', 'KONAMI.. Can EXODIA OBLITERATE!? Opening 25th Anniversary YuGiOh.. DARK CRISIS (DCR)', 'UC2TMKGFQMl7e9Zus03kefKw'], 'T0rng5PVAX4': ['E3Myn3JREkA', 'BANDAI WHAT HAVE YOU DONE!!? Opening the MOST GODLY.. Dragon Ball Power Absorbed Collector Booster', 'UC2TMKGFQMl7e9Zus03kefKw']}


Layer 2:

{'HQq9gA2AU4w': ['JhkD2CnmghU', 'KONAMI, SAY LESS! Opening 25th Anniversary YuGiOh.. LEGEND Of BLUE EYES WHITE DRAGON (LOB)', 'UC2TMKGFQMl7e9Zus03kefKw'], 'E3Myn3JREkA': ['JhkD2CnmghU', "KONAMI.. IS THIS PEAK YuGiOh!? Opening 25th Anniversary.. PHARAOH'S SERVANT (PSV)", 'UC2TMKGFQMl7e9Zus03kefKw'], 'T0rng5PVAX4': ['JhkD2CnmghU', 'BANDAI WHAT HAVE YOU DONE!!? Opening the MOST GODLY.. Dragon Ball Power Absorbed Collector Booster', 'UC2TMKGFQMl7e9Zus03kefKw'], 'R4qfP2fWQIc': ['T0rng5PVAX4', "*NEW* Dragon Ball Super Power Absorbed Collector's Booster Box Opening!", 'UCLF4uGPgJ19H3JddDnO_-0Q'], 'HbKy4CGBaek': ['T0rng5PVAX4', 'I GRADED MY RAREST YuGiOh Cards!', 'UC2TMKGFQMl7e9Zus03kefKw']}


Layer 3:

{'dJ1pgAwCuR4': ['HQq9gA2AU4w', 'KONAMI… SHEEESH! Opening 25th Anniversary YuGiOh.. METAL RAIDERS (MRD)', 'UC2TMKGFQMl7e9Zus03kefKw'], 'T0rng5PVAX4': ['E3Myn3JREkA', 'BANDAI WHAT HAVE YOU DONE!!? Opening the MOST GODLY.. Dragon Ball Power Absorbed Collector Booster', 'UC2TMKGFQMl7e9Zus03kefKw'], 'JhkD2CnmghU': ['E3Myn3JREkA', 'KONAMI.. Can EXODIA OBLITERATE!? Opening 25th Anniversary YuGiOh.. DARK CRISIS (DCR)', 'UC2TMKGFQMl7e9Zus03kefKw'], 'R4qfP2fWQIc': ['T0rng5PVAX4', "*NEW* Dragon Ball Super Power Absorbed Collector's Booster Box Opening!", 'UCLF4uGPgJ19H3JddDnO_-0Q'], 'HbKy4CGBaek': ['T0rng5PVAX4', 'I GRADED MY RAREST YuGiOh Cards!', 'UC2TMKGFQMl7e9Zus03kefKw'], '8czCVq_Tejw': ['R4qfP2fWQIc', 'I Graded My RARE Dragon Ball Super Cards!', 'UCLF4uGPgJ19H3JddDnO_-0Q'], 'Wm2MNyVDRaU': ['R4qfP2fWQIc', '*NEW* Dragon Ball Super Power Absorbed Booster Box Opening!', 'UCLF4uGPgJ19H3JddDnO_-0Q'], 'sqjws7m_WUo': ['R4qfP2fWQIc', '*NEW* Dragon Ball Super Dawn Of The Z Legends Booster Box Opening!', 'UCLF4uGPgJ19H3JddDnO_-0Q'], 'kZCfnEaNHU0': ['HbKy4CGBaek', '$25,000 Graded Card Return that Changed EVERYTHING..', 'UC2TMKGFQMl7e9Zus03kefKw'], 'ZP61wUYPs_M': ['HbKy4CGBaek', 'The Complete History of the Yu-Gi-Oh! Meta: Part 1 (2002-2005)', 'UCC_veBBSiWePriZ2p7Lqfhg']}
