Gitarre lernen für Anfänger - Deine erste Gitarrenstunde - einfach & auf Deutsch
Gitarre lernen - Deine 2. Gitarrenstunde - Akkorde sauber greifen und ein wichtiges Schlagmuster
BESTE GITARRE für Anfänger - Akustik oder E-Gitarre?
Gitarre lernen in 7 Tagen - Krass!! Gitarrenlehrer reagiert auf Tomatolix
Gitarre lernen - Deine 3. Gitarrenstunde - Akkorde richtig wechseln und schlagen
Gitarre lernen für Anfänger - Deine erste Gitarrenstunde - einfach & auf Deutsch
Klingt deine Gitarre falsch? - MEGA TIPPS !!!
Gitarre für Anfänger Was ist die beste Anfängergitarre? Meine Tipps und Empfehlungen
Westerngitarre oder Konzertgitarre - Was ist der Unterschied?
Welche Gitarre sollte ich kaufen?
Gitarre für Anfänger - 5 Dinge, die du auf jeden Fall wissen solltest!
Was ist ein Powerchord? + 24 Powerchords - Gitarre lernen
Gitarre für Anfänger - 5 Dinge, die du auf jeden Fall wissen solltest!
Gitarre lernen für Anfänger - Deine erste Gitarrenstunde - einfach & auf Deutsch
Gitarre lernen - Deine 2. Gitarrenstunde - Akkorde sauber greifen und ein wichtiges Schlagmuster
BESTE GITARRE für Anfänger - Akustik oder E-Gitarre?
Gitarre lernen in 7 Tagen - Krass!! Gitarrenlehrer reagiert auf Tomatolix
Gitarrenverstärker einstellen - SMOKE ON THE WATER!
Einsteiger: Worauf muss ich beim Kauf einer E-Gitarre achten?
Welche Gitarre sollte ich kaufen?
Welche Westerngitarre kaufen?
Westerngitarre vs. Konzertgitarre | Welche Gitarre kaufen? | Jamflix
Tipps zum Gitarrenkauf aus dem Guitar Center Los Angeles
Gitarre für Anfänger Was ist die beste Anfängergitarre? Meine Tipps und Empfehlungen
Gitarren Tipps - Akkorde greifen - Sehr einfach & für Anfänger
Gitarre lernen: Die DREI größten FEHLER beim üben
Der Powerchord-Guide - Alles was du als E-Gitarren-Anfänger dazu wissen solltest Teil 1
Powerchords erweitern wie es die Profis machen
Grundlagen E-Gitarre: Powerchords
